<?xml version="1.0" encoding="UTF-8"?>
<testng-results skipped="0" failed="0" ignored="0" total="4" passed="4">
  <reporter-output>
  </reporter-output>
  <suite name="SuiteByClass" duration-ms="20466" started-at="2021-08-11T11:48:22 EEST" finished-at="2021-08-11T11:48:42 EEST">
    <groups>
    </groups>
    <test name="Test1" duration-ms="20466" started-at="2021-08-11T11:48:22 EEST" finished-at="2021-08-11T11:48:42 EEST">
      <class name="HW19">
        <test-method status="PASS" signature="driverSetup()[pri:0, instance:HW19@25243bc1]" name="driverSetup" is-config="true" duration-ms="3064" started-at="2021-08-11T11:48:22 EEST" finished-at="2021-08-11T11:48:25 EEST">
          <reporter-output>
          </reporter-output>
        </test-method> <!-- driverSetup -->
        <test-method status="PASS" signature="driverSetup()[pri:0, instance:HW19@25243bc1]" name="driverSetup" is-config="true" duration-ms="3062" started-at="2021-08-11T11:48:22 EEST" finished-at="2021-08-11T11:48:25 EEST">
          <reporter-output>
          </reporter-output>
        </test-method> <!-- driverSetup -->
        <test-method status="PASS" signature="taskC()[pri:0, instance:HW19@25243bc1]" name="taskC" duration-ms="10727" started-at="2021-08-11T11:48:25 EEST" finished-at="2021-08-11T11:48:36 EEST">
          <reporter-output>
          </reporter-output>
        </test-method> <!-- taskC -->
        <test-method status="PASS" signature="taskB()[pri:0, instance:HW19@25243bc1]" name="taskB" duration-ms="5990" started-at="2021-08-11T11:48:25 EEST" finished-at="2021-08-11T11:48:31 EEST">
          <reporter-output>
          </reporter-output>
        </test-method> <!-- taskB -->
        <test-method status="PASS" signature="driverQuit()[pri:0, instance:HW19@25243bc1]" name="driverQuit" is-config="true" duration-ms="716" started-at="2021-08-11T11:48:31 EEST" finished-at="2021-08-11T11:48:32 EEST">
          <reporter-output>
          </reporter-output>
        </test-method> <!-- driverQuit -->
        <test-method status="PASS" signature="driverQuit()[pri:0, instance:HW19@25243bc1]" name="driverQuit" is-config="true" duration-ms="785" started-at="2021-08-11T11:48:36 EEST" finished-at="2021-08-11T11:48:37 EEST">
          <reporter-output>
          </reporter-output>
        </test-method> <!-- driverQuit -->
      </class> <!-- HW19 -->
      <class name="HW20">
        <test-method status="PASS" signature="driverSetup()[pri:0, instance:HW20@2fb68ec6]" name="driverSetup" is-config="true" duration-ms="3062" started-at="2021-08-11T11:48:22 EEST" finished-at="2021-08-11T11:48:25 EEST">
          <reporter-output>
          </reporter-output>
        </test-method> <!-- driverSetup -->
        <test-method status="PASS" signature="taskA()[pri:0, instance:HW20@2fb68ec6]" name="taskA" duration-ms="4754" started-at="2021-08-11T11:48:25 EEST" finished-at="2021-08-11T11:48:30 EEST">
          <reporter-output>
          </reporter-output>
        </test-method> <!-- taskA -->
        <test-method status="PASS" signature="driverQuit()[pri:0, instance:HW20@2fb68ec6]" name="driverQuit" is-config="true" duration-ms="756" started-at="2021-08-11T11:48:30 EEST" finished-at="2021-08-11T11:48:31 EEST">
          <reporter-output>
          </reporter-output>
        </test-method> <!-- driverQuit -->
        <test-method status="PASS" signature="driverSetup()[pri:0, instance:HW20@2fb68ec6]" name="driverSetup" is-config="true" duration-ms="1279" started-at="2021-08-11T11:48:31 EEST" finished-at="2021-08-11T11:48:32 EEST">
          <reporter-output>
          </reporter-output>
        </test-method> <!-- driverSetup -->
        <test-method status="PASS" signature="taskB()[pri:0, instance:HW20@2fb68ec6]" name="taskB" duration-ms="9492" started-at="2021-08-11T11:48:32 EEST" finished-at="2021-08-11T11:48:41 EEST">
          <reporter-output>
          </reporter-output>
        </test-method> <!-- taskB -->
        <test-method status="PASS" signature="driverQuit()[pri:0, instance:HW20@2fb68ec6]" name="driverQuit" is-config="true" duration-ms="773" started-at="2021-08-11T11:48:41 EEST" finished-at="2021-08-11T11:48:42 EEST">
          <reporter-output>
          </reporter-output>
        </test-method> <!-- driverQuit -->
      </class> <!-- HW20 -->
    </test> <!-- Test1 -->
  </suite> <!-- SuiteByClass -->
</testng-results>
