<?xml version="1.0" encoding="UTF-8"?>
<testng-results skipped="0" failed="0" ignored="0" total="4" passed="4">
  <reporter-output>
  </reporter-output>
  <suite name="SuiteByClass" duration-ms="40162" started-at="2021-08-07T15:56:09 EEST" finished-at="2021-08-07T15:56:49 EEST">
    <groups>
    </groups>
    <test name="Test1" duration-ms="40162" started-at="2021-08-07T15:56:09 EEST" finished-at="2021-08-07T15:56:49 EEST">
      <class name="HW19">
        <test-method status="PASS" signature="driverSetup()[pri:0, instance:HW19@6bd51ed8]" name="driverSetup" is-config="true" duration-ms="2492" started-at="2021-08-07T15:56:09 EEST" finished-at="2021-08-07T15:56:12 EEST">
          <reporter-output>
          </reporter-output>
        </test-method> <!-- driverSetup -->
        <test-method status="PASS" signature="taskB()[pri:0, instance:HW19@6bd51ed8]" name="taskB" duration-ms="6595" started-at="2021-08-07T15:56:12 EEST" finished-at="2021-08-07T15:56:18 EEST">
          <reporter-output>
          </reporter-output>
        </test-method> <!-- taskB -->
        <test-method status="PASS" signature="driverQuit(org.testng.ITestResult)[pri:0, instance:HW19@6bd51ed8]" name="driverQuit" is-config="true" duration-ms="691" started-at="2021-08-07T15:56:18 EEST" finished-at="2021-08-07T15:56:19 EEST">
          <params>
            <param index="0">
              <value>
                <![CDATA[[TestResult name=taskB status=SUCCESS method=HW19.taskB()[pri:0, instance:HW19@6bd51ed8] output={null}]]]>
              </value>
            </param>
          </params>
          <reporter-output>
          </reporter-output>
        </test-method> <!-- driverQuit -->
        <test-method status="PASS" signature="driverSetup()[pri:0, instance:HW19@6bd51ed8]" name="driverSetup" is-config="true" duration-ms="1090" started-at="2021-08-07T15:56:19 EEST" finished-at="2021-08-07T15:56:20 EEST">
          <reporter-output>
          </reporter-output>
        </test-method> <!-- driverSetup -->
        <test-method status="PASS" signature="taskC()[pri:0, instance:HW19@6bd51ed8]" name="taskC" duration-ms="9238" started-at="2021-08-07T15:56:20 EEST" finished-at="2021-08-07T15:56:29 EEST">
          <reporter-output>
          </reporter-output>
        </test-method> <!-- taskC -->
        <test-method status="PASS" signature="driverQuit(org.testng.ITestResult)[pri:0, instance:HW19@6bd51ed8]" name="driverQuit" is-config="true" duration-ms="691" started-at="2021-08-07T15:56:29 EEST" finished-at="2021-08-07T15:56:30 EEST">
          <params>
            <param index="0">
              <value>
                <![CDATA[[TestResult name=taskC status=SUCCESS method=HW19.taskC()[pri:0, instance:HW19@6bd51ed8] output={null}]]]>
              </value>
            </param>
          </params>
          <reporter-output>
          </reporter-output>
        </test-method> <!-- driverQuit -->
      </class> <!-- HW19 -->
      <class name="HW20">
        <test-method status="PASS" signature="driverSetup()[pri:0, instance:HW20@5a12c728]" name="driverSetup" is-config="true" duration-ms="1208" started-at="2021-08-07T15:56:30 EEST" finished-at="2021-08-07T15:56:31 EEST">
          <reporter-output>
          </reporter-output>
        </test-method> <!-- driverSetup -->
        <test-method status="PASS" signature="taskA()[pri:0, instance:HW20@5a12c728]" name="taskA" duration-ms="4220" started-at="2021-08-07T15:56:31 EEST" finished-at="2021-08-07T15:56:36 EEST">
          <reporter-output>
          </reporter-output>
        </test-method> <!-- taskA -->
        <test-method status="PASS" signature="driverQuit(org.testng.ITestResult)[pri:0, instance:HW20@5a12c728]" name="driverQuit" is-config="true" duration-ms="635" started-at="2021-08-07T15:56:36 EEST" finished-at="2021-08-07T15:56:36 EEST">
          <params>
            <param index="0">
              <value>
                <![CDATA[[TestResult name=taskA status=SUCCESS method=HW20.taskA()[pri:0, instance:HW20@5a12c728] output={null}]]]>
              </value>
            </param>
          </params>
          <reporter-output>
          </reporter-output>
        </test-method> <!-- driverQuit -->
        <test-method status="PASS" signature="driverSetup()[pri:0, instance:HW20@5a12c728]" name="driverSetup" is-config="true" duration-ms="1145" started-at="2021-08-07T15:56:36 EEST" finished-at="2021-08-07T15:56:37 EEST">
          <reporter-output>
          </reporter-output>
        </test-method> <!-- driverSetup -->
        <test-method status="PASS" signature="taskB()[pri:0, instance:HW20@5a12c728]" name="taskB" duration-ms="11167" started-at="2021-08-07T15:56:37 EEST" finished-at="2021-08-07T15:56:49 EEST">
          <reporter-output>
          </reporter-output>
        </test-method> <!-- taskB -->
        <test-method status="PASS" signature="driverQuit(org.testng.ITestResult)[pri:0, instance:HW20@5a12c728]" name="driverQuit" is-config="true" duration-ms="705" started-at="2021-08-07T15:56:49 EEST" finished-at="2021-08-07T15:56:49 EEST">
          <params>
            <param index="0">
              <value>
                <![CDATA[[TestResult name=taskB status=SUCCESS method=HW20.taskB()[pri:0, instance:HW20@5a12c728] output={null}]]]>
              </value>
            </param>
          </params>
          <reporter-output>
          </reporter-output>
        </test-method> <!-- driverQuit -->
      </class> <!-- HW20 -->
    </test> <!-- Test1 -->
  </suite> <!-- SuiteByClass -->
</testng-results>
